<?xml version="1.0" encoding="UTF-8"?>
<testng-results skipped="0" failed="0" ignored="0" total="2" passed="2">
  <reporter-output>
  </reporter-output>
  <suite name="Suite" duration-ms="17883" started-at="2023-09-22T18:21:04Z" finished-at="2023-09-22T18:21:22Z">
    <groups>
    </groups>
    <test name="Test" duration-ms="17883" started-at="2023-09-22T18:21:04Z" finished-at="2023-09-22T18:21:22Z">
      <class name="testcases.Test_Swag">
        <test-method status="PASS" signature="ReportSetup()[pri:0, instance:testcases.Test_Swag@3f200884]" name="ReportSetup" is-config="true" duration-ms="1136" started-at="2023-09-22T18:21:04Z" finished-at="2023-09-22T18:21:05Z">
          <reporter-output>
          </reporter-output>
        </test-method> <!-- ReportSetup -->
        <test-method status="PASS" signature="setup(java.lang.reflect.Method)[pri:0, instance:testcases.Test_Swag@3f200884]" name="setup" is-config="true" duration-ms="7682" started-at="2023-09-22T18:21:05Z" finished-at="2023-09-22T18:21:13Z">
          <params>
            <param index="0">
              <value>
                <![CDATA[public void testcases.Test_Swag.NegativeTest() throws com.codoid.products.exception.FilloException]]>
              </value>
            </param>
          </params>
          <reporter-output>
          </reporter-output>
        </test-method> <!-- setup -->
        <test-method status="PASS" signature="NegativeTest()[pri:0, instance:testcases.Test_Swag@3f200884]" name="NegativeTest" duration-ms="609" started-at="2023-09-22T18:21:13Z" finished-at="2023-09-22T18:21:14Z">
          <reporter-output>
          </reporter-output>
        </test-method> <!-- NegativeTest -->
        <test-method status="PASS" signature="Teardown()[pri:0, instance:testcases.Test_Swag@3f200884]" name="Teardown" is-config="true" duration-ms="1162" started-at="2023-09-22T18:21:14Z" finished-at="2023-09-22T18:21:15Z">
          <reporter-output>
          </reporter-output>
        </test-method> <!-- Teardown -->
        <test-method status="PASS" signature="setup(java.lang.reflect.Method)[pri:0, instance:testcases.Test_Swag@3f200884]" name="setup" is-config="true" duration-ms="5388" started-at="2023-09-22T18:21:15Z" finished-at="2023-09-22T18:21:20Z">
          <params>
            <param index="0">
              <value>
                <![CDATA[public void testcases.Test_Swag.PositiveTest()]]>
              </value>
            </param>
          </params>
          <reporter-output>
          </reporter-output>
        </test-method> <!-- setup -->
        <test-method status="PASS" signature="PositiveTest()[pri:0, instance:testcases.Test_Swag@3f200884]" name="PositiveTest" duration-ms="477" started-at="2023-09-22T18:21:20Z" finished-at="2023-09-22T18:21:21Z">
          <reporter-output>
          </reporter-output>
        </test-method> <!-- PositiveTest -->
        <test-method status="PASS" signature="Teardown()[pri:0, instance:testcases.Test_Swag@3f200884]" name="Teardown" is-config="true" duration-ms="1112" started-at="2023-09-22T18:21:21Z" finished-at="2023-09-22T18:21:22Z">
          <reporter-output>
          </reporter-output>
        </test-method> <!-- Teardown -->
        <test-method status="PASS" signature="Reportclean()[pri:0, instance:testcases.Test_Swag@3f200884]" name="Reportclean" is-config="true" duration-ms="286" started-at="2023-09-22T18:21:22Z" finished-at="2023-09-22T18:21:22Z">
          <reporter-output>
          </reporter-output>
        </test-method> <!-- Reportclean -->
      </class> <!-- testcases.Test_Swag -->
    </test> <!-- Test -->
  </suite> <!-- Suite -->
</testng-results>
