<?xml version="1.0" encoding="UTF-8"?>
<testsuite xmlns:xsi="http://www.w3.org/2001/XMLSchema-instance" xsi:noNamespaceSchemaLocation="https://maven.apache.org/surefire/maven-surefire-plugin/xsd/surefire-test-report-3.0.xsd" version="3.0" name="TestSuite" time="19.761" tests="2" errors="0" skipped="0" failures="0">
  <properties>
[...]
</properties>
  <testcase name="NegativeTest" classname="testcases.Test_Swag" time="0.589">
    <system-out><![CDATA[[TestNGContentHandler] [WARN] It is strongly recommended to add "<!DOCTYPE suite SYSTEM "http://testng.org/testng-1.0.dtd" >" at the top of your file, otherwise TestNG may fail or not work as expected.
]]></system-out>
    <system-err><![CDATA[SLF4J: Failed to load class "org.slf4j.impl.StaticLoggerBinder".
SLF4J: Defaulting to no-operation (NOP) logger implementation
SLF4J: See http://www.slf4j.org/codes.html#StaticLoggerBinder for further details.
1695406868288	geckodriver	INFO	Listening on 127.0.0.1:14251
1695406869018	mozrunner::runner	INFO	Running command: "C:\\Program Files\\Mozilla Firefox\\firefox.exe" "--marionette" "-no-remote" "-profile" "C:\\Users\\Sweta\\AppData\\Local\\Temp\\rust_mozprofileRevNCM"
console.warn: services.settings: Ignoring preference override of remote settings server
console.warn: services.settings: Allow by setting MOZ_REMOTE_SETTINGS_DEVTOOLS=1 in the environment
1695406869498	Marionette	INFO	Marionette enabled
Dynamically enable window occlusion 0
1695406870299	Marionette	INFO	Listening on port 59690
Read port: 59690
1695406870527	RemoteAgent	WARN	TLS certificate errors will be ignored for this session
Sep 22, 2023 11:51:12 PM org.openqa.selenium.remote.ProtocolHandshake createSession
INFO: Detected dialect: W3C
console.warn: LoginRecipes: "Falling back to a synchronous message for: https://www.saucedemo.com."
]]></system-err>
  </testcase>
  <testcase name="PositiveTest" classname="testcases.Test_Swag" time="0.465">
    <system-err><![CDATA[1695406874213	Marionette	INFO	Stopped listening on port 59690
Dynamically enable window occlusion 1
1695406875567	geckodriver	INFO	Listening on 127.0.0.1:6526
1695406876053	mozrunner::runner	INFO	Running command: "C:\\Program Files\\Mozilla Firefox\\firefox.exe" "--marionette" "-no-remote" "-profile" "C:\\Users\\Sweta\\AppData\\Local\\Temp\\rust_mozprofilebs7Tk7"
console.warn: services.settings: Ignoring preference override of remote settings server
console.warn: services.settings: Allow by setting MOZ_REMOTE_SETTINGS_DEVTOOLS=1 in the environment
1695406876570	Marionette	INFO	Marionette enabled
Dynamically enable window occlusion 0
1695406877337	Marionette	INFO	Listening on port 59725
Read port: 59725
1695406877576	RemoteAgent	WARN	TLS certificate errors will be ignored for this session
Sep 22, 2023 11:51:19 PM org.openqa.selenium.remote.ProtocolHandshake createSession
INFO: Detected dialect: W3C
console.warn: LoginRecipes: "Falling back to a synchronous message for: https://www.saucedemo.com."
console.warn: LoginRecipes: "Falling back to a synchronous message for: https://www.saucedemo.com."
]]></system-err>
  </testcase>
</testsuite>