<?xml version="1.0" encoding="UTF-8"?>
<testng-results skipped="0" failed="0" ignored="0" total="2" passed="2">
  <reporter-output>
  </reporter-output>
  <suite name="Suite" duration-ms="13786" started-at="2023-09-22T09:56:04Z" finished-at="2023-09-22T09:56:18Z">
    <groups>
    </groups>
    <test name="Test" duration-ms="13786" started-at="2023-09-22T09:56:04Z" finished-at="2023-09-22T09:56:18Z">
      <class name="testcases.Test_Swag">
        <test-method status="PASS" signature="ReportSetup()[pri:0, instance:testcases.Test_Swag@3f200884]" name="ReportSetup" is-config="true" duration-ms="578" started-at="2023-09-22T09:56:04Z" finished-at="2023-09-22T09:56:05Z">
          <reporter-output>
          </reporter-output>
        </test-method> <!-- ReportSetup -->
        <test-method status="PASS" signature="setup(java.lang.reflect.Method)[pri:0, instance:testcases.Test_Swag@3f200884]" name="setup" is-config="true" duration-ms="6229" started-at="2023-09-22T09:56:05Z" finished-at="2023-09-22T09:56:11Z">
          <params>
            <param index="0">
              <value>
                <![CDATA[public void testcases.Test_Swag.NegativeTest() throws com.codoid.products.exception.FilloException]]>
              </value>
            </param>
          </params>
          <reporter-output>
          </reporter-output>
        </test-method> <!-- setup -->
        <test-method status="PASS" signature="NegativeTest()[pri:0, instance:testcases.Test_Swag@3f200884]" name="NegativeTest" duration-ms="535" started-at="2023-09-22T09:56:11Z" finished-at="2023-09-22T09:56:12Z">
          <reporter-output>
          </reporter-output>
        </test-method> <!-- NegativeTest -->
        <test-method status="PASS" signature="Teardown()[pri:0, instance:testcases.Test_Swag@3f200884]" name="Teardown" is-config="true" duration-ms="1072" started-at="2023-09-22T09:56:12Z" finished-at="2023-09-22T09:56:13Z">
          <reporter-output>
          </reporter-output>
        </test-method> <!-- Teardown -->
        <test-method status="PASS" signature="setup(java.lang.reflect.Method)[pri:0, instance:testcases.Test_Swag@3f200884]" name="setup" is-config="true" duration-ms="3901" started-at="2023-09-22T09:56:13Z" finished-at="2023-09-22T09:56:17Z">
          <params>
            <param index="0">
              <value>
                <![CDATA[public void testcases.Test_Swag.PositiveTest()]]>
              </value>
            </param>
          </params>
          <reporter-output>
          </reporter-output>
        </test-method> <!-- setup -->
        <test-method status="PASS" signature="PositiveTest()[pri:0, instance:testcases.Test_Swag@3f200884]" name="PositiveTest" duration-ms="445" started-at="2023-09-22T09:56:17Z" finished-at="2023-09-22T09:56:17Z">
          <reporter-output>
          </reporter-output>
        </test-method> <!-- PositiveTest -->
        <test-method status="PASS" signature="Teardown()[pri:0, instance:testcases.Test_Swag@3f200884]" name="Teardown" is-config="true" duration-ms="808" started-at="2023-09-22T09:56:17Z" finished-at="2023-09-22T09:56:18Z">
          <reporter-output>
          </reporter-output>
        </test-method> <!-- Teardown -->
        <test-method status="PASS" signature="Reportclean()[pri:0, instance:testcases.Test_Swag@3f200884]" name="Reportclean" is-config="true" duration-ms="207" started-at="2023-09-22T09:56:18Z" finished-at="2023-09-22T09:56:18Z">
          <reporter-output>
          </reporter-output>
        </test-method> <!-- Reportclean -->
      </class> <!-- testcases.Test_Swag -->
    </test> <!-- Test -->
  </suite> <!-- Suite -->
</testng-results>
