<?xml version="1.0" encoding="UTF-8"?>
<testng-results ignored="0" total="1" passed="1" failed="0" skipped="0">
  <reporter-output>
  </reporter-output>
  <suite started-at="2023-09-22T18:15:41Z" name="Suite" finished-at="2023-09-22T18:15:41Z" duration-ms="37">
    <groups>
    </groups>
    <test started-at="2023-09-22T18:15:41Z" name="Test" finished-at="2023-09-22T18:15:41Z" duration-ms="37">
      <class name="testcases.Dummy">
        <test-method signature="testcase()[pri:0, instance:testcases.Dummy@4ebff610]" started-at="2023-09-22T18:15:41Z" name="testcase" finished-at="2023-09-22T18:15:41Z" duration-ms="12" status="PASS">
          <reporter-output>
          </reporter-output>
        </test-method> <!-- testcase -->
      </class> <!-- testcases.Dummy -->
    </test> <!-- Test -->
  </suite> <!-- Suite -->
</testng-results>
