<?xml version="1.0" encoding="UTF-8"?>
<testng-results ignored="0" total="2" passed="2" failed="0" skipped="0">
  <reporter-output>
  </reporter-output>
  <suite started-at="2023-09-22T09:25:12Z" name="Suite" finished-at="2023-09-22T09:25:30Z" duration-ms="18759">
    <groups>
    </groups>
    <test started-at="2023-09-22T09:25:12Z" name="Test" finished-at="2023-09-22T09:25:30Z" duration-ms="18759">
      <class name="testcases.Test_Swag">
        <test-method is-config="true" signature="ReportSetup()[pri:0, instance:testcases.Test_Swag@481ba2cf]" started-at="2023-09-22T09:25:12Z" name="ReportSetup" finished-at="2023-09-22T09:25:13Z" duration-ms="937" status="PASS">
          <reporter-output>
          </reporter-output>
        </test-method> <!-- ReportSetup -->
        <test-method is-config="true" signature="setup(java.lang.reflect.Method)[pri:0, instance:testcases.Test_Swag@481ba2cf]" started-at="2023-09-22T09:25:13Z" name="setup" finished-at="2023-09-22T09:25:21Z" duration-ms="7900" status="PASS">
          <params>
            <param index="0">
              <value>
                <![CDATA[public void testcases.Test_Swag.NegativeTest() throws com.codoid.products.exception.FilloException]]>
              </value>
            </param>
          </params>
          <reporter-output>
          </reporter-output>
        </test-method> <!-- setup -->
        <test-method signature="NegativeTest()[pri:0, instance:testcases.Test_Swag@481ba2cf]" started-at="2023-09-22T09:25:21Z" name="NegativeTest" finished-at="2023-09-22T09:25:21Z" duration-ms="679" status="PASS">
          <reporter-output>
          </reporter-output>
        </test-method> <!-- NegativeTest -->
        <test-method is-config="true" signature="Teardown()[pri:0, instance:testcases.Test_Swag@481ba2cf]" started-at="2023-09-22T09:25:21Z" name="Teardown" finished-at="2023-09-22T09:25:23Z" duration-ms="1510" status="PASS">
          <reporter-output>
          </reporter-output>
        </test-method> <!-- Teardown -->
        <test-method is-config="true" signature="setup(java.lang.reflect.Method)[pri:0, instance:testcases.Test_Swag@481ba2cf]" started-at="2023-09-22T09:25:23Z" name="setup" finished-at="2023-09-22T09:25:28Z" duration-ms="5559" status="PASS">
          <params>
            <param index="0">
              <value>
                <![CDATA[public void testcases.Test_Swag.PositiveTest()]]>
              </value>
            </param>
          </params>
          <reporter-output>
          </reporter-output>
        </test-method> <!-- setup -->
        <test-method signature="PositiveTest()[pri:0, instance:testcases.Test_Swag@481ba2cf]" started-at="2023-09-22T09:25:28Z" name="PositiveTest" finished-at="2023-09-22T09:25:29Z" duration-ms="490" status="PASS">
          <reporter-output>
          </reporter-output>
        </test-method> <!-- PositiveTest -->
        <test-method is-config="true" signature="Teardown()[pri:0, instance:testcases.Test_Swag@481ba2cf]" started-at="2023-09-22T09:25:29Z" name="Teardown" finished-at="2023-09-22T09:25:30Z" duration-ms="1336" status="PASS">
          <reporter-output>
          </reporter-output>
        </test-method> <!-- Teardown -->
        <test-method is-config="true" signature="Reportclean()[pri:0, instance:testcases.Test_Swag@481ba2cf]" started-at="2023-09-22T09:25:30Z" name="Reportclean" finished-at="2023-09-22T09:25:30Z" duration-ms="314" status="PASS">
          <reporter-output>
          </reporter-output>
        </test-method> <!-- Reportclean -->
      </class> <!-- testcases.Test_Swag -->
    </test> <!-- Test -->
  </suite> <!-- Suite -->
</testng-results>
